<?xml version="1.0" encoding="UTF-8"?>
<testsuite name="login.LoginTests" tests="1" skipped="0" failures="0" errors="0" timestamp="2021-10-08T02:21:06" hostname="jarvis" time="4.088">
  <properties/>
  <testcase name="testSuccessfullLogin()" classname="login.LoginTests" time="4.088"/>
  <system-out><![CDATA[]]></system-out>
  <system-err><![CDATA[Starting ChromeDriver 92.0.4515.107 (87a818b10553a07434ea9e2b6dccf3cbe7895134-refs/branch-heads/4515@{#1634}) on port 12724
Only local connections are allowed.
Please see https://chromedriver.chromium.org/security-considerations for suggestions on keeping ChromeDriver safe.
ChromeDriver was started successfully.
Oct 07, 2021 10:21:06 PM org.openqa.selenium.remote.ProtocolHandshake createSession
INFO: Detected dialect: W3C
]]></system-err>
</testsuite>
